<?xml version="1.0" encoding="UTF-8"?>
<!-- Generated by org.testng.reporters.JUnitReportReporter -->
<testsuite hostname="LP-213763938" failures="0" tests="1" name="casestudy.ksrtc" time="53.392" errors="0" timestamp="2021-12-29T11:15:37 IST" skipped="0">
  <testcase classname="casestudy.ksrtc" name="f" time="53.392"/>
  <system-out/>
</testsuite> <!-- casestudy.ksrtc -->
